
0x131c > 0x1000 - [_init]

0x1277 > 0x10e0 - [.plt.sec]

0x1287 > 0x1238 - [foo]

0x124f > 0x11e9 - [bar]

0x11fe > 0x10e0 - [.plt.sec]

0x121a > 0x10f0 - [.plt.sec]
	TMR: _IO_file_underflow | 0x55874f98c320
	TMR: _IO_default_uflow | 0x55874f98c320
	TMR: _IO_sputbackc | 0x55874f98c320
	TMR: psiginfo | 0x55874f98c320
	TMW: psiginfo | 0x55874f98c2e0
	TMR: psiginfo | 0x55874f98c321
	TMW: psiginfo | 0x55874f98c2e1
	TMR: psiginfo | 0x55874f98c322
	TMW: psiginfo | 0x55874f98c2e2
	TMR: psiginfo | 0x55874f98c323
	TMW: psiginfo | 0x55874f98c2e3
	TMR: psiginfo | 0x55874f98c324
	TMR: _IO_sputbackc | 0x55874f98c324

0x1230 > 0x10b0 - [.plt.sec]
	TMR: strcpy | 0x55874f98c2e0
	TMR: strcpy | 0x55874f98c2e0
	TMW: strcpy | 0x55874f98c2a0
	TMR: strcpy | 0x55874f98c2e1
	TMW: strcpy | 0x55874f98c2a1

0x1291 > 0x10e0 - [.plt.sec]

0x12b1 > 0x10d0 - [.plt.sec]

0x12bd > 0x10a0 - [.plt.sec]

0x12c9 > 0x10a0 - [.plt.sec]

0x12e2 > 0x10c0 - [.plt.sec]

0x11c2 > 0x1090 - [.plt.got]

0x11c7 > 0x1130 - [deregister_tm_clones]
